[2017-02-23 21:30:41.251] [INFO] pomelo - [32m[C:\Projects\ProjektLeo\server\game-server\node_modules\pomelo\lib\application.js] [39mapplication inited: "connector-server-1"
[2017-02-23 21:30:41.620] [INFO] pomelo - [32m[C:\Projects\ProjektLeo\server\game-server\node_modules\pomelo\lib\application.js] [39m"connector-server-1" enter after start...
[2017-02-23 21:30:41.624] [INFO] pomelo - [32m[C:\Projects\ProjektLeo\server\game-server\node_modules\pomelo\lib\application.js] [39m"connector-server-1" finish start
[2017-02-23 21:30:41.624] [INFO] pomelo - [32m[C:\Projects\ProjektLeo\server\game-server\node_modules\pomelo\lib\application.js] [39m"connector-server-1" startup in 305 ms
[2017-02-23 21:31:54.245] [DEBUG] pomelo - [36m[C:\Projects\ProjektLeo\server\game-server\node_modules\pomelo\lib\components\connector.js] [39m[connector-server-1] getSession session is created with session id: 1
[2017-02-23 21:31:54.254] [DEBUG] pomelo - [36m[C:\Projects\ProjektLeo\server\game-server\node_modules\pomelo\lib\components\connector.js] [39m[connector-server-1] handleMessage session id: 1, msg: {"id":1,"type":0,"compressRoute":0,"route":"connector.entryHandler.entry","body":"hello pomelo","compressGzip":0}
[2017-02-23 21:31:54.258] [DEBUG] pomelo - [36m[C:\Projects\ProjektLeo\server\game-server\node_modules\pomelo\lib\components\connector.js] [39m[connector-server-1] send message reqId: 1, route: connector.entryHandler.entry, msg: {"code":200,"msg":"game server is ok."}, receivers: [1], opts: {"type":"response","userOptions":{},"isResponse":true}
[2017-02-23 21:32:00.565] [DEBUG] pomelo - [36m[C:\Projects\ProjektLeo\server\game-server\node_modules\pomelo\lib\components\connector.js] [39m[connector-server-1] getSession session is created with session id: 2
[2017-02-23 21:32:00.569] [DEBUG] pomelo - [36m[C:\Projects\ProjektLeo\server\game-server\node_modules\pomelo\lib\components\connector.js] [39m[connector-server-1] handleMessage session id: 2, msg: {"id":2,"type":0,"compressRoute":0,"route":"connector.entryHandler.entry","body":"hello pomelo","compressGzip":0}
[2017-02-23 21:32:00.570] [DEBUG] pomelo - [36m[C:\Projects\ProjektLeo\server\game-server\node_modules\pomelo\lib\components\connector.js] [39m[connector-server-1] send message reqId: 2, route: connector.entryHandler.entry, msg: {"code":200,"msg":"game server is ok."}, receivers: [2], opts: {"type":"response","userOptions":{},"isResponse":true}
[2017-02-23 21:32:04.089] [DEBUG] pomelo - [36m[C:\Projects\ProjektLeo\server\game-server\node_modules\pomelo\lib\components\connector.js] [39m[connector-server-1] getSession session is created with session id: 3
[2017-02-23 21:32:04.091] [DEBUG] pomelo - [36m[C:\Projects\ProjektLeo\server\game-server\node_modules\pomelo\lib\components\connector.js] [39m[connector-server-1] handleMessage session id: 3, msg: {"id":3,"type":0,"compressRoute":0,"route":"connector.entryHandler.entry","body":"hello pomelo","compressGzip":0}
[2017-02-23 21:32:04.091] [DEBUG] pomelo - [36m[C:\Projects\ProjektLeo\server\game-server\node_modules\pomelo\lib\components\connector.js] [39m[connector-server-1] send message reqId: 3, route: connector.entryHandler.entry, msg: {"code":200,"msg":"game server is ok."}, receivers: [3], opts: {"type":"response","userOptions":{},"isResponse":true}
[2017-02-23 21:32:04.262] [DEBUG] pomelo - [36m[C:\Projects\ProjektLeo\server\game-server\node_modules\pomelo\lib\components\connector.js] [39m[connector-server-1] getSession session is created with session id: 4
[2017-02-23 21:32:04.265] [DEBUG] pomelo - [36m[C:\Projects\ProjektLeo\server\game-server\node_modules\pomelo\lib\components\connector.js] [39m[connector-server-1] handleMessage session id: 4, msg: {"id":4,"type":0,"compressRoute":0,"route":"connector.entryHandler.entry","body":"hello pomelo","compressGzip":0}
[2017-02-23 21:32:04.266] [DEBUG] pomelo - [36m[C:\Projects\ProjektLeo\server\game-server\node_modules\pomelo\lib\components\connector.js] [39m[connector-server-1] send message reqId: 4, route: connector.entryHandler.entry, msg: {"code":200,"msg":"game server is ok."}, receivers: [4], opts: {"type":"response","userOptions":{},"isResponse":true}
[2017-02-23 21:32:04.472] [DEBUG] pomelo - [36m[C:\Projects\ProjektLeo\server\game-server\node_modules\pomelo\lib\components\connector.js] [39m[connector-server-1] getSession session is created with session id: 5
[2017-02-23 21:32:04.475] [DEBUG] pomelo - [36m[C:\Projects\ProjektLeo\server\game-server\node_modules\pomelo\lib\components\connector.js] [39m[connector-server-1] handleMessage session id: 5, msg: {"id":5,"type":0,"compressRoute":0,"route":"connector.entryHandler.entry","body":"hello pomelo","compressGzip":0}
[2017-02-23 21:32:04.476] [DEBUG] pomelo - [36m[C:\Projects\ProjektLeo\server\game-server\node_modules\pomelo\lib\components\connector.js] [39m[connector-server-1] send message reqId: 5, route: connector.entryHandler.entry, msg: {"code":200,"msg":"game server is ok."}, receivers: [5], opts: {"type":"response","userOptions":{},"isResponse":true}
[2017-02-23 21:32:04.488] [INFO] pomelo - [32m[C:\Projects\ProjektLeo\server\game-server\node_modules\pomelo\lib\connectors\commands\heartbeat.js] [39mclient 1 heartbeat timeout.
[2017-02-23 21:32:04.488] [DEBUG] pomelo - [36m[C:\Projects\ProjektLeo\server\game-server\node_modules\pomelo\lib\common\service\sessionService.js] [39msession on [connector-server-1] is closed with session id: 1
[2017-02-23 21:32:04.673] [DEBUG] pomelo - [36m[C:\Projects\ProjektLeo\server\game-server\node_modules\pomelo\lib\components\connector.js] [39m[connector-server-1] getSession session is created with session id: 6
[2017-02-23 21:32:04.676] [DEBUG] pomelo - [36m[C:\Projects\ProjektLeo\server\game-server\node_modules\pomelo\lib\components\connector.js] [39m[connector-server-1] handleMessage session id: 6, msg: {"id":6,"type":0,"compressRoute":0,"route":"connector.entryHandler.entry","body":"hello pomelo","compressGzip":0}
[2017-02-23 21:32:04.677] [DEBUG] pomelo - [36m[C:\Projects\ProjektLeo\server\game-server\node_modules\pomelo\lib\components\connector.js] [39m[connector-server-1] send message reqId: 6, route: connector.entryHandler.entry, msg: {"code":200,"msg":"game server is ok."}, receivers: [6], opts: {"type":"response","userOptions":{},"isResponse":true}
[2017-02-23 21:32:04.868] [DEBUG] pomelo - [36m[C:\Projects\ProjektLeo\server\game-server\node_modules\pomelo\lib\components\connector.js] [39m[connector-server-1] getSession session is created with session id: 7
[2017-02-23 21:32:04.874] [DEBUG] pomelo - [36m[C:\Projects\ProjektLeo\server\game-server\node_modules\pomelo\lib\components\connector.js] [39m[connector-server-1] handleMessage session id: 7, msg: {"id":7,"type":0,"compressRoute":0,"route":"connector.entryHandler.entry","body":"hello pomelo","compressGzip":0}
[2017-02-23 21:32:04.874] [DEBUG] pomelo - [36m[C:\Projects\ProjektLeo\server\game-server\node_modules\pomelo\lib\components\connector.js] [39m[connector-server-1] send message reqId: 7, route: connector.entryHandler.entry, msg: {"code":200,"msg":"game server is ok."}, receivers: [7], opts: {"type":"response","userOptions":{},"isResponse":true}
[2017-02-23 21:32:05.131] [DEBUG] pomelo - [36m[C:\Projects\ProjektLeo\server\game-server\node_modules\pomelo\lib\components\connector.js] [39m[connector-server-1] getSession session is created with session id: 8
[2017-02-23 21:32:05.134] [DEBUG] pomelo - [36m[C:\Projects\ProjektLeo\server\game-server\node_modules\pomelo\lib\components\connector.js] [39m[connector-server-1] handleMessage session id: 8, msg: {"id":8,"type":0,"compressRoute":0,"route":"connector.entryHandler.entry","body":"hello pomelo","compressGzip":0}
[2017-02-23 21:32:05.134] [DEBUG] pomelo - [36m[C:\Projects\ProjektLeo\server\game-server\node_modules\pomelo\lib\components\connector.js] [39m[connector-server-1] send message reqId: 8, route: connector.entryHandler.entry, msg: {"code":200,"msg":"game server is ok."}, receivers: [8], opts: {"type":"response","userOptions":{},"isResponse":true}
[2017-02-23 21:32:05.443] [DEBUG] pomelo - [36m[C:\Projects\ProjektLeo\server\game-server\node_modules\pomelo\lib\components\connector.js] [39m[connector-server-1] getSession session is created with session id: 9
[2017-02-23 21:32:05.445] [DEBUG] pomelo - [36m[C:\Projects\ProjektLeo\server\game-server\node_modules\pomelo\lib\components\connector.js] [39m[connector-server-1] handleMessage session id: 9, msg: {"id":9,"type":0,"compressRoute":0,"route":"connector.entryHandler.entry","body":"hello pomelo","compressGzip":0}
[2017-02-23 21:32:05.446] [DEBUG] pomelo - [36m[C:\Projects\ProjektLeo\server\game-server\node_modules\pomelo\lib\components\connector.js] [39m[connector-server-1] send message reqId: 9, route: connector.entryHandler.entry, msg: {"code":200,"msg":"game server is ok."}, receivers: [9], opts: {"type":"response","userOptions":{},"isResponse":true}
[2017-02-23 21:32:05.683] [DEBUG] pomelo - [36m[C:\Projects\ProjektLeo\server\game-server\node_modules\pomelo\lib\components\connector.js] [39m[connector-server-1] getSession session is created with session id: 10
[2017-02-23 21:32:05.688] [DEBUG] pomelo - [36m[C:\Projects\ProjektLeo\server\game-server\node_modules\pomelo\lib\components\connector.js] [39m[connector-server-1] handleMessage session id: 10, msg: {"id":10,"type":0,"compressRoute":0,"route":"connector.entryHandler.entry","body":"hello pomelo","compressGzip":0}
[2017-02-23 21:32:05.689] [DEBUG] pomelo - [36m[C:\Projects\ProjektLeo\server\game-server\node_modules\pomelo\lib\components\connector.js] [39m[connector-server-1] send message reqId: 10, route: connector.entryHandler.entry, msg: {"code":200,"msg":"game server is ok."}, receivers: [10], opts: {"type":"response","userOptions":{},"isResponse":true}
[2017-02-23 21:32:05.933] [DEBUG] pomelo - [36m[C:\Projects\ProjektLeo\server\game-server\node_modules\pomelo\lib\components\connector.js] [39m[connector-server-1] getSession session is created with session id: 11
[2017-02-23 21:32:05.938] [DEBUG] pomelo - [36m[C:\Projects\ProjektLeo\server\game-server\node_modules\pomelo\lib\components\connector.js] [39m[connector-server-1] handleMessage session id: 11, msg: {"id":11,"type":0,"compressRoute":0,"route":"connector.entryHandler.entry","body":"hello pomelo","compressGzip":0}
[2017-02-23 21:32:05.938] [DEBUG] pomelo - [36m[C:\Projects\ProjektLeo\server\game-server\node_modules\pomelo\lib\components\connector.js] [39m[connector-server-1] send message reqId: 11, route: connector.entryHandler.entry, msg: {"code":200,"msg":"game server is ok."}, receivers: [11], opts: {"type":"response","userOptions":{},"isResponse":true}
[2017-02-23 21:32:06.098] [DEBUG] pomelo - [36m[C:\Projects\ProjektLeo\server\game-server\node_modules\pomelo\lib\components\connector.js] [39m[connector-server-1] getSession session is created with session id: 12
[2017-02-23 21:32:06.102] [DEBUG] pomelo - [36m[C:\Projects\ProjektLeo\server\game-server\node_modules\pomelo\lib\components\connector.js] [39m[connector-server-1] handleMessage session id: 12, msg: {"id":12,"type":0,"compressRoute":0,"route":"connector.entryHandler.entry","body":"hello pomelo","compressGzip":0}
[2017-02-23 21:32:06.102] [DEBUG] pomelo - [36m[C:\Projects\ProjektLeo\server\game-server\node_modules\pomelo\lib\components\connector.js] [39m[connector-server-1] send message reqId: 12, route: connector.entryHandler.entry, msg: {"code":200,"msg":"game server is ok."}, receivers: [12], opts: {"type":"response","userOptions":{},"isResponse":true}
[2017-02-23 21:32:06.350] [DEBUG] pomelo - [36m[C:\Projects\ProjektLeo\server\game-server\node_modules\pomelo\lib\components\connector.js] [39m[connector-server-1] getSession session is created with session id: 13
[2017-02-23 21:32:06.354] [DEBUG] pomelo - [36m[C:\Projects\ProjektLeo\server\game-server\node_modules\pomelo\lib\components\connector.js] [39m[connector-server-1] handleMessage session id: 13, msg: {"id":13,"type":0,"compressRoute":0,"route":"connector.entryHandler.entry","body":"hello pomelo","compressGzip":0}
[2017-02-23 21:32:06.354] [DEBUG] pomelo - [36m[C:\Projects\ProjektLeo\server\game-server\node_modules\pomelo\lib\components\connector.js] [39m[connector-server-1] send message reqId: 13, route: connector.entryHandler.entry, msg: {"code":200,"msg":"game server is ok."}, receivers: [13], opts: {"type":"response","userOptions":{},"isResponse":true}
[2017-02-23 21:32:06.568] [INFO] pomelo - [32m[C:\Projects\ProjektLeo\server\game-server\node_modules\pomelo\lib\connectors\commands\heartbeat.js] [39mclient 2 heartbeat timeout.
[2017-02-23 21:32:06.568] [DEBUG] pomelo - [36m[C:\Projects\ProjektLeo\server\game-server\node_modules\pomelo\lib\common\service\sessionService.js] [39msession on [connector-server-1] is closed with session id: 2
[2017-02-23 21:32:06.585] [DEBUG] pomelo - [36m[C:\Projects\ProjektLeo\server\game-server\node_modules\pomelo\lib\components\connector.js] [39m[connector-server-1] getSession session is created with session id: 14
[2017-02-23 21:32:06.588] [DEBUG] pomelo - [36m[C:\Projects\ProjektLeo\server\game-server\node_modules\pomelo\lib\components\connector.js] [39m[connector-server-1] handleMessage session id: 14, msg: {"id":14,"type":0,"compressRoute":0,"route":"connector.entryHandler.entry","body":"hello pomelo","compressGzip":0}
[2017-02-23 21:32:06.589] [DEBUG] pomelo - [36m[C:\Projects\ProjektLeo\server\game-server\node_modules\pomelo\lib\components\connector.js] [39m[connector-server-1] send message reqId: 14, route: connector.entryHandler.entry, msg: {"code":200,"msg":"game server is ok."}, receivers: [14], opts: {"type":"response","userOptions":{},"isResponse":true}
[2017-02-23 21:32:06.803] [DEBUG] pomelo - [36m[C:\Projects\ProjektLeo\server\game-server\node_modules\pomelo\lib\components\connector.js] [39m[connector-server-1] getSession session is created with session id: 15
[2017-02-23 21:32:06.806] [DEBUG] pomelo - [36m[C:\Projects\ProjektLeo\server\game-server\node_modules\pomelo\lib\components\connector.js] [39m[connector-server-1] handleMessage session id: 15, msg: {"id":15,"type":0,"compressRoute":0,"route":"connector.entryHandler.entry","body":"hello pomelo","compressGzip":0}
[2017-02-23 21:32:06.806] [DEBUG] pomelo - [36m[C:\Projects\ProjektLeo\server\game-server\node_modules\pomelo\lib\components\connector.js] [39m[connector-server-1] send message reqId: 15, route: connector.entryHandler.entry, msg: {"code":200,"msg":"game server is ok."}, receivers: [15], opts: {"type":"response","userOptions":{},"isResponse":true}
[2017-02-23 21:32:06.984] [DEBUG] pomelo - [36m[C:\Projects\ProjektLeo\server\game-server\node_modules\pomelo\lib\components\connector.js] [39m[connector-server-1] getSession session is created with session id: 16
[2017-02-23 21:32:06.987] [DEBUG] pomelo - [36m[C:\Projects\ProjektLeo\server\game-server\node_modules\pomelo\lib\components\connector.js] [39m[connector-server-1] handleMessage session id: 16, msg: {"id":16,"type":0,"compressRoute":0,"route":"connector.entryHandler.entry","body":"hello pomelo","compressGzip":0}
[2017-02-23 21:32:06.987] [DEBUG] pomelo - [36m[C:\Projects\ProjektLeo\server\game-server\node_modules\pomelo\lib\components\connector.js] [39m[connector-server-1] send message reqId: 16, route: connector.entryHandler.entry, msg: {"code":200,"msg":"game server is ok."}, receivers: [16], opts: {"type":"response","userOptions":{},"isResponse":true}
[2017-02-23 21:32:07.244] [DEBUG] pomelo - [36m[C:\Projects\ProjektLeo\server\game-server\node_modules\pomelo\lib\components\connector.js] [39m[connector-server-1] getSession session is created with session id: 17
[2017-02-23 21:32:07.246] [DEBUG] pomelo - [36m[C:\Projects\ProjektLeo\server\game-server\node_modules\pomelo\lib\components\connector.js] [39m[connector-server-1] handleMessage session id: 17, msg: {"id":17,"type":0,"compressRoute":0,"route":"connector.entryHandler.entry","body":"hello pomelo","compressGzip":0}
[2017-02-23 21:32:07.246] [DEBUG] pomelo - [36m[C:\Projects\ProjektLeo\server\game-server\node_modules\pomelo\lib\components\connector.js] [39m[connector-server-1] send message reqId: 17, route: connector.entryHandler.entry, msg: {"code":200,"msg":"game server is ok."}, receivers: [17], opts: {"type":"response","userOptions":{},"isResponse":true}
[2017-02-23 21:32:07.478] [DEBUG] pomelo - [36m[C:\Projects\ProjektLeo\server\game-server\node_modules\pomelo\lib\components\connector.js] [39m[connector-server-1] getSession session is created with session id: 18
[2017-02-23 21:32:07.481] [DEBUG] pomelo - [36m[C:\Projects\ProjektLeo\server\game-server\node_modules\pomelo\lib\components\connector.js] [39m[connector-server-1] handleMessage session id: 18, msg: {"id":18,"type":0,"compressRoute":0,"route":"connector.entryHandler.entry","body":"hello pomelo","compressGzip":0}
[2017-02-23 21:32:07.481] [DEBUG] pomelo - [36m[C:\Projects\ProjektLeo\server\game-server\node_modules\pomelo\lib\components\connector.js] [39m[connector-server-1] send message reqId: 18, route: connector.entryHandler.entry, msg: {"code":200,"msg":"game server is ok."}, receivers: [18], opts: {"type":"response","userOptions":{},"isResponse":true}
[2017-02-23 21:32:07.843] [DEBUG] pomelo - [36m[C:\Projects\ProjektLeo\server\game-server\node_modules\pomelo\lib\components\connector.js] [39m[connector-server-1] getSession session is created with session id: 19
[2017-02-23 21:32:07.846] [DEBUG] pomelo - [36m[C:\Projects\ProjektLeo\server\game-server\node_modules\pomelo\lib\components\connector.js] [39m[connector-server-1] handleMessage session id: 19, msg: {"id":19,"type":0,"compressRoute":0,"route":"connector.entryHandler.entry","body":"hello pomelo","compressGzip":0}
[2017-02-23 21:32:07.846] [DEBUG] pomelo - [36m[C:\Projects\ProjektLeo\server\game-server\node_modules\pomelo\lib\components\connector.js] [39m[connector-server-1] send message reqId: 19, route: connector.entryHandler.entry, msg: {"code":200,"msg":"game server is ok."}, receivers: [19], opts: {"type":"response","userOptions":{},"isResponse":true}
[2017-02-23 21:32:08.111] [DEBUG] pomelo - [36m[C:\Projects\ProjektLeo\server\game-server\node_modules\pomelo\lib\components\connector.js] [39m[connector-server-1] getSession session is created with session id: 20
[2017-02-23 21:32:08.114] [DEBUG] pomelo - [36m[C:\Projects\ProjektLeo\server\game-server\node_modules\pomelo\lib\components\connector.js] [39m[connector-server-1] handleMessage session id: 20, msg: {"id":20,"type":0,"compressRoute":0,"route":"connector.entryHandler.entry","body":"hello pomelo","compressGzip":0}
[2017-02-23 21:32:08.114] [DEBUG] pomelo - [36m[C:\Projects\ProjektLeo\server\game-server\node_modules\pomelo\lib\components\connector.js] [39m[connector-server-1] send message reqId: 20, route: connector.entryHandler.entry, msg: {"code":200,"msg":"game server is ok."}, receivers: [20], opts: {"type":"response","userOptions":{},"isResponse":true}
[2017-02-23 21:32:08.632] [DEBUG] pomelo - [36m[C:\Projects\ProjektLeo\server\game-server\node_modules\pomelo\lib\components\connector.js] [39m[connector-server-1] getSession session is created with session id: 21
[2017-02-23 21:32:08.635] [DEBUG] pomelo - [36m[C:\Projects\ProjektLeo\server\game-server\node_modules\pomelo\lib\components\connector.js] [39m[connector-server-1] handleMessage session id: 21, msg: {"id":21,"type":0,"compressRoute":0,"route":"connector.entryHandler.entry","body":"hello pomelo","compressGzip":0}
[2017-02-23 21:32:08.635] [DEBUG] pomelo - [36m[C:\Projects\ProjektLeo\server\game-server\node_modules\pomelo\lib\components\connector.js] [39m[connector-server-1] send message reqId: 21, route: connector.entryHandler.entry, msg: {"code":200,"msg":"game server is ok."}, receivers: [21], opts: {"type":"response","userOptions":{},"isResponse":true}
[2017-02-23 21:32:09.040] [DEBUG] pomelo - [36m[C:\Projects\ProjektLeo\server\game-server\node_modules\pomelo\lib\components\connector.js] [39m[connector-server-1] getSession session is created with session id: 22
[2017-02-23 21:32:09.043] [DEBUG] pomelo - [36m[C:\Projects\ProjektLeo\server\game-server\node_modules\pomelo\lib\components\connector.js] [39m[connector-server-1] handleMessage session id: 22, msg: {"id":22,"type":0,"compressRoute":0,"route":"connector.entryHandler.entry","body":"hello pomelo","compressGzip":0}
[2017-02-23 21:32:09.043] [DEBUG] pomelo - [36m[C:\Projects\ProjektLeo\server\game-server\node_modules\pomelo\lib\components\connector.js] [39m[connector-server-1] send message reqId: 22, route: connector.entryHandler.entry, msg: {"code":200,"msg":"game server is ok."}, receivers: [22], opts: {"type":"response","userOptions":{},"isResponse":true}
[2017-02-23 21:32:09.385] [DEBUG] pomelo - [36m[C:\Projects\ProjektLeo\server\game-server\node_modules\pomelo\lib\components\connector.js] [39m[connector-server-1] getSession session is created with session id: 23
[2017-02-23 21:32:09.388] [DEBUG] pomelo - [36m[C:\Projects\ProjektLeo\server\game-server\node_modules\pomelo\lib\components\connector.js] [39m[connector-server-1] handleMessage session id: 23, msg: {"id":23,"type":0,"compressRoute":0,"route":"connector.entryHandler.entry","body":"hello pomelo","compressGzip":0}
[2017-02-23 21:32:09.389] [DEBUG] pomelo - [36m[C:\Projects\ProjektLeo\server\game-server\node_modules\pomelo\lib\components\connector.js] [39m[connector-server-1] send message reqId: 23, route: connector.entryHandler.entry, msg: {"code":200,"msg":"game server is ok."}, receivers: [23], opts: {"type":"response","userOptions":{},"isResponse":true}
[2017-02-23 21:32:09.622] [DEBUG] pomelo - [36m[C:\Projects\ProjektLeo\server\game-server\node_modules\pomelo\lib\components\connector.js] [39m[connector-server-1] getSession session is created with session id: 24
[2017-02-23 21:32:09.626] [DEBUG] pomelo - [36m[C:\Projects\ProjektLeo\server\game-server\node_modules\pomelo\lib\components\connector.js] [39m[connector-server-1] handleMessage session id: 24, msg: {"id":24,"type":0,"compressRoute":0,"route":"connector.entryHandler.entry","body":"hello pomelo","compressGzip":0}
[2017-02-23 21:32:09.626] [DEBUG] pomelo - [36m[C:\Projects\ProjektLeo\server\game-server\node_modules\pomelo\lib\components\connector.js] [39m[connector-server-1] send message reqId: 24, route: connector.entryHandler.entry, msg: {"code":200,"msg":"game server is ok."}, receivers: [24], opts: {"type":"response","userOptions":{},"isResponse":true}
[2017-02-23 21:32:10.092] [INFO] pomelo - [32m[C:\Projects\ProjektLeo\server\game-server\node_modules\pomelo\lib\connectors\commands\heartbeat.js] [39mclient 3 heartbeat timeout.
[2017-02-23 21:32:10.092] [DEBUG] pomelo - [36m[C:\Projects\ProjektLeo\server\game-server\node_modules\pomelo\lib\common\service\sessionService.js] [39msession on [connector-server-1] is closed with session id: 3
[2017-02-23 21:32:10.288] [INFO] pomelo - [32m[C:\Projects\ProjektLeo\server\game-server\node_modules\pomelo\lib\connectors\commands\heartbeat.js] [39mclient 4 heartbeat timeout.
[2017-02-23 21:32:10.288] [DEBUG] pomelo - [36m[C:\Projects\ProjektLeo\server\game-server\node_modules\pomelo\lib\common\service\sessionService.js] [39msession on [connector-server-1] is closed with session id: 4
[2017-02-23 21:32:10.317] [DEBUG] pomelo - [36m[C:\Projects\ProjektLeo\server\game-server\node_modules\pomelo\lib\components\connector.js] [39m[connector-server-1] getSession session is created with session id: 25
[2017-02-23 21:32:10.318] [DEBUG] pomelo - [36m[C:\Projects\ProjektLeo\server\game-server\node_modules\pomelo\lib\components\connector.js] [39m[connector-server-1] handleMessage session id: 25, msg: {"id":25,"type":0,"compressRoute":0,"route":"connector.entryHandler.entry","body":"hello pomelo","compressGzip":0}
[2017-02-23 21:32:10.319] [DEBUG] pomelo - [36m[C:\Projects\ProjektLeo\server\game-server\node_modules\pomelo\lib\components\connector.js] [39m[connector-server-1] send message reqId: 25, route: connector.entryHandler.entry, msg: {"code":200,"msg":"game server is ok."}, receivers: [25], opts: {"type":"response","userOptions":{},"isResponse":true}
[2017-02-23 21:32:10.475] [INFO] pomelo - [32m[C:\Projects\ProjektLeo\server\game-server\node_modules\pomelo\lib\connectors\commands\heartbeat.js] [39mclient 5 heartbeat timeout.
[2017-02-23 21:32:10.475] [DEBUG] pomelo - [36m[C:\Projects\ProjektLeo\server\game-server\node_modules\pomelo\lib\common\service\sessionService.js] [39msession on [connector-server-1] is closed with session id: 5
[2017-02-23 21:32:10.676] [INFO] pomelo - [32m[C:\Projects\ProjektLeo\server\game-server\node_modules\pomelo\lib\connectors\commands\heartbeat.js] [39mclient 6 heartbeat timeout.
[2017-02-23 21:32:10.676] [DEBUG] pomelo - [36m[C:\Projects\ProjektLeo\server\game-server\node_modules\pomelo\lib\common\service\sessionService.js] [39msession on [connector-server-1] is closed with session id: 6
[2017-02-23 21:32:10.874] [INFO] pomelo - [32m[C:\Projects\ProjektLeo\server\game-server\node_modules\pomelo\lib\connectors\commands\heartbeat.js] [39mclient 7 heartbeat timeout.
[2017-02-23 21:32:10.874] [DEBUG] pomelo - [36m[C:\Projects\ProjektLeo\server\game-server\node_modules\pomelo\lib\common\service\sessionService.js] [39msession on [connector-server-1] is closed with session id: 7
[2017-02-23 21:32:11.134] [INFO] pomelo - [32m[C:\Projects\ProjektLeo\server\game-server\node_modules\pomelo\lib\connectors\commands\heartbeat.js] [39mclient 8 heartbeat timeout.
[2017-02-23 21:32:11.134] [DEBUG] pomelo - [36m[C:\Projects\ProjektLeo\server\game-server\node_modules\pomelo\lib\common\service\sessionService.js] [39msession on [connector-server-1] is closed with session id: 8
[2017-02-23 21:32:11.445] [INFO] pomelo - [32m[C:\Projects\ProjektLeo\server\game-server\node_modules\pomelo\lib\connectors\commands\heartbeat.js] [39mclient 9 heartbeat timeout.
[2017-02-23 21:32:11.445] [DEBUG] pomelo - [36m[C:\Projects\ProjektLeo\server\game-server\node_modules\pomelo\lib\common\service\sessionService.js] [39msession on [connector-server-1] is closed with session id: 9
[2017-02-23 21:32:11.687] [INFO] pomelo - [32m[C:\Projects\ProjektLeo\server\game-server\node_modules\pomelo\lib\connectors\commands\heartbeat.js] [39mclient 10 heartbeat timeout.
[2017-02-23 21:32:11.687] [DEBUG] pomelo - [36m[C:\Projects\ProjektLeo\server\game-server\node_modules\pomelo\lib\common\service\sessionService.js] [39msession on [connector-server-1] is closed with session id: 10
[2017-02-23 21:32:11.937] [INFO] pomelo - [32m[C:\Projects\ProjektLeo\server\game-server\node_modules\pomelo\lib\connectors\commands\heartbeat.js] [39mclient 11 heartbeat timeout.
[2017-02-23 21:32:11.937] [DEBUG] pomelo - [36m[C:\Projects\ProjektLeo\server\game-server\node_modules\pomelo\lib\common\service\sessionService.js] [39msession on [connector-server-1] is closed with session id: 11
[2017-02-23 21:32:12.102] [INFO] pomelo - [32m[C:\Projects\ProjektLeo\server\game-server\node_modules\pomelo\lib\connectors\commands\heartbeat.js] [39mclient 12 heartbeat timeout.
[2017-02-23 21:32:12.102] [DEBUG] pomelo - [36m[C:\Projects\ProjektLeo\server\game-server\node_modules\pomelo\lib\common\service\sessionService.js] [39msession on [connector-server-1] is closed with session id: 12
[2017-02-23 21:32:12.354] [INFO] pomelo - [32m[C:\Projects\ProjektLeo\server\game-server\node_modules\pomelo\lib\connectors\commands\heartbeat.js] [39mclient 13 heartbeat timeout.
[2017-02-23 21:32:12.354] [DEBUG] pomelo - [36m[C:\Projects\ProjektLeo\server\game-server\node_modules\pomelo\lib\common\service\sessionService.js] [39msession on [connector-server-1] is closed with session id: 13
[2017-02-23 21:32:12.588] [INFO] pomelo - [32m[C:\Projects\ProjektLeo\server\game-server\node_modules\pomelo\lib\connectors\commands\heartbeat.js] [39mclient 14 heartbeat timeout.
[2017-02-23 21:32:12.588] [DEBUG] pomelo - [36m[C:\Projects\ProjektLeo\server\game-server\node_modules\pomelo\lib\common\service\sessionService.js] [39msession on [connector-server-1] is closed with session id: 14
[2017-02-23 21:32:12.806] [INFO] pomelo - [32m[C:\Projects\ProjektLeo\server\game-server\node_modules\pomelo\lib\connectors\commands\heartbeat.js] [39mclient 15 heartbeat timeout.
[2017-02-23 21:32:12.806] [DEBUG] pomelo - [36m[C:\Projects\ProjektLeo\server\game-server\node_modules\pomelo\lib\common\service\sessionService.js] [39msession on [connector-server-1] is closed with session id: 15
[2017-02-23 21:32:12.988] [INFO] pomelo - [32m[C:\Projects\ProjektLeo\server\game-server\node_modules\pomelo\lib\connectors\commands\heartbeat.js] [39mclient 16 heartbeat timeout.
[2017-02-23 21:32:12.988] [DEBUG] pomelo - [36m[C:\Projects\ProjektLeo\server\game-server\node_modules\pomelo\lib\common\service\sessionService.js] [39msession on [connector-server-1] is closed with session id: 16
[2017-02-23 21:32:13.294] [INFO] pomelo - [32m[C:\Projects\ProjektLeo\server\game-server\node_modules\pomelo\lib\connectors\commands\heartbeat.js] [39mclient 17 heartbeat timeout.
[2017-02-23 21:32:13.296] [DEBUG] pomelo - [36m[C:\Projects\ProjektLeo\server\game-server\node_modules\pomelo\lib\common\service\sessionService.js] [39msession on [connector-server-1] is closed with session id: 17
[2017-02-23 21:32:13.480] [INFO] pomelo - [32m[C:\Projects\ProjektLeo\server\game-server\node_modules\pomelo\lib\connectors\commands\heartbeat.js] [39mclient 18 heartbeat timeout.
[2017-02-23 21:32:13.480] [DEBUG] pomelo - [36m[C:\Projects\ProjektLeo\server\game-server\node_modules\pomelo\lib\common\service\sessionService.js] [39msession on [connector-server-1] is closed with session id: 18
[2017-02-23 21:32:13.845] [INFO] pomelo - [32m[C:\Projects\ProjektLeo\server\game-server\node_modules\pomelo\lib\connectors\commands\heartbeat.js] [39mclient 19 heartbeat timeout.
[2017-02-23 21:32:13.846] [DEBUG] pomelo - [36m[C:\Projects\ProjektLeo\server\game-server\node_modules\pomelo\lib\common\service\sessionService.js] [39msession on [connector-server-1] is closed with session id: 19
[2017-02-23 21:32:14.114] [INFO] pomelo - [32m[C:\Projects\ProjektLeo\server\game-server\node_modules\pomelo\lib\connectors\commands\heartbeat.js] [39mclient 20 heartbeat timeout.
[2017-02-23 21:32:14.114] [DEBUG] pomelo - [36m[C:\Projects\ProjektLeo\server\game-server\node_modules\pomelo\lib\common\service\sessionService.js] [39msession on [connector-server-1] is closed with session id: 20
[2017-02-23 21:32:14.634] [INFO] pomelo - [32m[C:\Projects\ProjektLeo\server\game-server\node_modules\pomelo\lib\connectors\commands\heartbeat.js] [39mclient 21 heartbeat timeout.
[2017-02-23 21:32:14.634] [DEBUG] pomelo - [36m[C:\Projects\ProjektLeo\server\game-server\node_modules\pomelo\lib\common\service\sessionService.js] [39msession on [connector-server-1] is closed with session id: 21
[2017-02-23 21:32:15.043] [INFO] pomelo - [32m[C:\Projects\ProjektLeo\server\game-server\node_modules\pomelo\lib\connectors\commands\heartbeat.js] [39mclient 22 heartbeat timeout.
[2017-02-23 21:32:15.043] [DEBUG] pomelo - [36m[C:\Projects\ProjektLeo\server\game-server\node_modules\pomelo\lib\common\service\sessionService.js] [39msession on [connector-server-1] is closed with session id: 22
[2017-02-23 21:32:15.389] [INFO] pomelo - [32m[C:\Projects\ProjektLeo\server\game-server\node_modules\pomelo\lib\connectors\commands\heartbeat.js] [39mclient 23 heartbeat timeout.
[2017-02-23 21:32:15.389] [DEBUG] pomelo - [36m[C:\Projects\ProjektLeo\server\game-server\node_modules\pomelo\lib\common\service\sessionService.js] [39msession on [connector-server-1] is closed with session id: 23
[2017-02-23 21:32:16.300] [INFO] pomelo - [32m[C:\Projects\ProjektLeo\server\game-server\node_modules\pomelo\lib\connectors\commands\heartbeat.js] [39mclient 24 heartbeat timeout.
[2017-02-23 21:32:16.300] [DEBUG] pomelo - [36m[C:\Projects\ProjektLeo\server\game-server\node_modules\pomelo\lib\common\service\sessionService.js] [39msession on [connector-server-1] is closed with session id: 24
[2017-02-23 21:32:17.851] [DEBUG] pomelo - [36m[C:\Projects\ProjektLeo\server\game-server\node_modules\pomelo\lib\components\connector.js] [39m[connector-server-1] getSession session is created with session id: 26
[2017-02-23 21:32:17.855] [DEBUG] pomelo - [36m[C:\Projects\ProjektLeo\server\game-server\node_modules\pomelo\lib\components\connector.js] [39m[connector-server-1] handleMessage session id: 26, msg: {"id":26,"type":0,"compressRoute":0,"route":"connector.entryHandler.entry","body":"hello pomelo","compressGzip":0}
[2017-02-23 21:32:17.855] [DEBUG] pomelo - [36m[C:\Projects\ProjektLeo\server\game-server\node_modules\pomelo\lib\components\connector.js] [39m[connector-server-1] send message reqId: 26, route: connector.entryHandler.entry, msg: {"code":200,"msg":"game server is ok."}, receivers: [26], opts: {"type":"response","userOptions":{},"isResponse":true}
[2017-02-23 21:32:22.305] [INFO] pomelo - [32m[C:\Projects\ProjektLeo\server\game-server\node_modules\pomelo\lib\connectors\commands\heartbeat.js] [39mclient 25 heartbeat timeout.
[2017-02-23 21:32:22.309] [DEBUG] pomelo - [36m[C:\Projects\ProjektLeo\server\game-server\node_modules\pomelo\lib\common\service\sessionService.js] [39msession on [connector-server-1] is closed with session id: 25
[2017-02-23 21:37:30.288] [DEBUG] pomelo - [36m[C:\Projects\ProjektLeo\server\game-server\node_modules\pomelo\lib\components\connector.js] [39m[connector-server-1] getSession session is created with session id: 27
[2017-02-23 21:37:30.293] [DEBUG] pomelo - [36m[C:\Projects\ProjektLeo\server\game-server\node_modules\pomelo\lib\components\connector.js] [39m[connector-server-1] handleMessage session id: 27, msg: {"id":1,"type":0,"compressRoute":0,"route":"connector.entryHandler.entry","body":"hello pomelo","compressGzip":0}
[2017-02-23 21:37:30.293] [DEBUG] pomelo - [36m[C:\Projects\ProjektLeo\server\game-server\node_modules\pomelo\lib\components\connector.js] [39m[connector-server-1] send message reqId: 1, route: connector.entryHandler.entry, msg: {"code":200,"msg":"game server is ok."}, receivers: [27], opts: {"type":"response","userOptions":{},"isResponse":true}
[2017-02-23 21:37:33.442] [DEBUG] pomelo - [36m[C:\Projects\ProjektLeo\server\game-server\node_modules\pomelo\lib\common\service\sessionService.js] [39msession on [connector-server-1] is closed with session id: 27
[2017-02-23 21:37:35.219] [DEBUG] pomelo - [36m[C:\Projects\ProjektLeo\server\game-server\node_modules\pomelo\lib\common\service\sessionService.js] [39msession on [connector-server-1] is closed with session id: 26
[2017-02-23 21:43:46.945] [DEBUG] pomelo - [36m[C:\Projects\ProjektLeo\server\game-server\node_modules\pomelo\lib\components\connector.js] [39m[connector-server-1] getSession session is created with session id: 28
[2017-02-23 21:43:46.949] [DEBUG] pomelo - [36m[C:\Projects\ProjektLeo\server\game-server\node_modules\pomelo\lib\components\connector.js] [39m[connector-server-1] handleMessage session id: 28, msg: {"id":1,"type":0,"compressRoute":0,"route":"connector.entryHandler.entry","body":"hello pomelo","compressGzip":0}
[2017-02-23 21:43:46.950] [DEBUG] pomelo - [36m[C:\Projects\ProjektLeo\server\game-server\node_modules\pomelo\lib\components\connector.js] [39m[connector-server-1] send message reqId: 1, route: connector.entryHandler.entry, msg: {"code":200,"msg":"game server is ok."}, receivers: [28], opts: {"type":"response","userOptions":{},"isResponse":true}
[2017-02-23 21:44:14.847] [DEBUG] pomelo - [36m[C:\Projects\ProjektLeo\server\game-server\node_modules\pomelo\lib\common\service\sessionService.js] [39msession on [connector-server-1] is closed with session id: 28
[2017-02-23 21:44:15.633] [DEBUG] pomelo - [36m[C:\Projects\ProjektLeo\server\game-server\node_modules\pomelo\lib\components\connector.js] [39m[connector-server-1] getSession session is created with session id: 29
[2017-02-23 21:44:15.636] [DEBUG] pomelo - [36m[C:\Projects\ProjektLeo\server\game-server\node_modules\pomelo\lib\components\connector.js] [39m[connector-server-1] handleMessage session id: 29, msg: {"id":1,"type":0,"compressRoute":0,"route":"connector.entryHandler.entry","body":"hello world","compressGzip":0}
[2017-02-23 21:44:15.636] [DEBUG] pomelo - [36m[C:\Projects\ProjektLeo\server\game-server\node_modules\pomelo\lib\components\connector.js] [39m[connector-server-1] send message reqId: 1, route: connector.entryHandler.entry, msg: {"code":200,"msg":"game server is ok."}, receivers: [29], opts: {"type":"response","userOptions":{},"isResponse":true}
[2017-02-23 21:44:28.015] [INFO] pomelo - [32m[C:\Projects\ProjektLeo\server\game-server\node_modules\pomelo\lib\application.js] [39mapplication inited: "connector-server-1"
[2017-02-23 21:44:28.371] [INFO] pomelo - [32m[C:\Projects\ProjektLeo\server\game-server\node_modules\pomelo\lib\application.js] [39m"connector-server-1" enter after start...
[2017-02-23 21:44:28.374] [INFO] pomelo - [32m[C:\Projects\ProjektLeo\server\game-server\node_modules\pomelo\lib\application.js] [39m"connector-server-1" finish start
[2017-02-23 21:44:28.375] [INFO] pomelo - [32m[C:\Projects\ProjektLeo\server\game-server\node_modules\pomelo\lib\application.js] [39m"connector-server-1" startup in 306 ms
[2017-02-23 21:44:30.510] [DEBUG] pomelo - [36m[C:\Projects\ProjektLeo\server\game-server\node_modules\pomelo\lib\components\connector.js] [39m[connector-server-1] getSession session is created with session id: 1
[2017-02-23 21:44:30.519] [DEBUG] pomelo - [36m[C:\Projects\ProjektLeo\server\game-server\node_modules\pomelo\lib\components\connector.js] [39m[connector-server-1] handleMessage session id: 1, msg: {"id":2,"type":0,"compressRoute":0,"route":"connector.entryHandler.entry","body":"hello world","compressGzip":0}
[2017-02-23 21:44:30.522] [DEBUG] pomelo - [36m[C:\Projects\ProjektLeo\server\game-server\node_modules\pomelo\lib\components\connector.js] [39m[connector-server-1] send message reqId: 2, route: connector.entryHandler.entry, msg: {"code":200,"msg":"Welcome to the server!"}, receivers: [1], opts: {"type":"response","userOptions":{},"isResponse":true}
[2017-02-23 21:45:34.028] [DEBUG] pomelo - [36m[C:\Projects\ProjektLeo\server\game-server\node_modules\pomelo\lib\common\service\sessionService.js] [39msession on [connector-server-1] is closed with session id: 1
[2017-02-23 21:45:35.149] [DEBUG] pomelo - [36m[C:\Projects\ProjektLeo\server\game-server\node_modules\pomelo\lib\components\connector.js] [39m[connector-server-1] getSession session is created with session id: 2
[2017-02-23 21:45:35.152] [DEBUG] pomelo - [36m[C:\Projects\ProjektLeo\server\game-server\node_modules\pomelo\lib\components\connector.js] [39m[connector-server-1] handleMessage session id: 2, msg: {"id":1,"type":0,"compressRoute":0,"route":"connector.entryHandler.entry","body":"Hello World","compressGzip":0}
[2017-02-23 21:45:35.152] [DEBUG] pomelo - [36m[C:\Projects\ProjektLeo\server\game-server\node_modules\pomelo\lib\components\connector.js] [39m[connector-server-1] send message reqId: 1, route: connector.entryHandler.entry, msg: {"code":200,"msg":"Welcome to the server!"}, receivers: [2], opts: {"type":"response","userOptions":{},"isResponse":true}
[2017-02-23 21:46:14.374] [DEBUG] pomelo - [36m[C:\Projects\ProjektLeo\server\game-server\node_modules\pomelo\lib\components\connector.js] [39m[connector-server-1] getSession session is created with session id: 3
[2017-02-23 21:46:14.377] [DEBUG] pomelo - [36m[C:\Projects\ProjektLeo\server\game-server\node_modules\pomelo\lib\components\connector.js] [39m[connector-server-1] handleMessage session id: 3, msg: {"id":2,"type":0,"compressRoute":0,"route":"connector.entryHandler.entry","body":"Hello World","compressGzip":0}
[2017-02-23 21:46:14.377] [DEBUG] pomelo - [36m[C:\Projects\ProjektLeo\server\game-server\node_modules\pomelo\lib\components\connector.js] [39m[connector-server-1] send message reqId: 2, route: connector.entryHandler.entry, msg: {"code":200,"msg":"Welcome to the server!"}, receivers: [3], opts: {"type":"response","userOptions":{},"isResponse":true}
[2017-02-23 21:46:18.521] [INFO] pomelo - [32m[C:\Projects\ProjektLeo\server\game-server\node_modules\pomelo\lib\connectors\commands\heartbeat.js] [39mclient 2 heartbeat timeout.
[2017-02-23 21:46:18.522] [DEBUG] pomelo - [36m[C:\Projects\ProjektLeo\server\game-server\node_modules\pomelo\lib\common\service\sessionService.js] [39msession on [connector-server-1] is closed with session id: 2
[2017-02-23 21:46:20.377] [INFO] pomelo - [32m[C:\Projects\ProjektLeo\server\game-server\node_modules\pomelo\lib\connectors\commands\heartbeat.js] [39mclient 3 heartbeat timeout.
[2017-02-23 21:46:20.377] [DEBUG] pomelo - [36m[C:\Projects\ProjektLeo\server\game-server\node_modules\pomelo\lib\common\service\sessionService.js] [39msession on [connector-server-1] is closed with session id: 3
[2017-02-23 21:46:40.215] [DEBUG] pomelo - [36m[C:\Projects\ProjektLeo\server\game-server\node_modules\pomelo\lib\components\connector.js] [39m[connector-server-1] getSession session is created with session id: 4
[2017-02-23 21:46:40.220] [DEBUG] pomelo - [36m[C:\Projects\ProjektLeo\server\game-server\node_modules\pomelo\lib\components\connector.js] [39m[connector-server-1] handleMessage session id: 4, msg: {"id":1,"type":0,"compressRoute":0,"route":"connector.entryHandler.entry","body":"What a pleb.","compressGzip":0}
[2017-02-23 21:46:40.221] [DEBUG] pomelo - [36m[C:\Projects\ProjektLeo\server\game-server\node_modules\pomelo\lib\components\connector.js] [39m[connector-server-1] send message reqId: 1, route: connector.entryHandler.entry, msg: {"code":200,"msg":"Welcome to the server!"}, receivers: [4], opts: {"type":"response","userOptions":{},"isResponse":true}
[2017-02-23 21:50:42.717] [INFO] pomelo - [32m[C:\Projects\ProjektLeo\server\game-server\node_modules\pomelo\lib\application.js] [39mapplication inited: "connector-server-1"
[2017-02-23 21:50:43.010] [INFO] pomelo - [32m[C:\Projects\ProjektLeo\server\game-server\node_modules\pomelo\lib\application.js] [39m"connector-server-1" enter after start...
[2017-02-23 21:50:43.014] [INFO] pomelo - [32m[C:\Projects\ProjektLeo\server\game-server\node_modules\pomelo\lib\application.js] [39m"connector-server-1" finish start
[2017-02-23 21:50:43.014] [INFO] pomelo - [32m[C:\Projects\ProjektLeo\server\game-server\node_modules\pomelo\lib\application.js] [39m"connector-server-1" startup in 250 ms
